<?xml version="1.0" encoding="UTF-8"?>
<testsuite name="Cucumber" time="9.406" tests="2" skipped="0" failures="0" errors="0">
<testcase classname="feature to test google search functionality" name="Validate google search is working" time="9.262">
<system-out><![CDATA[
Given browser is open.......................................................passed
And user is on google search page...........................................passed
When user enter a text in search box........................................passed
And hits enter..............................................................passed
Then user is navigated to search results....................................passed
]]></system-out>
</testcase>
<testcase classname="feature to test login functionality" name="Check login is successful using given credentials" time="0.004">
<system-out><![CDATA[
Given user is on login page.................................................passed
When user enters username and password......................................passed
And clicks on the login button..............................................passed
Then user is navigated to the home page.....................................passed
]]></system-out>
</testcase>
</testsuite>
